2025-04-16 20:47:18 [main] INFO  Utils.Log - Test started
2025-04-16 20:47:30 [main] INFO  Utils.Log - Starting Valid Login Test
2025-04-16 20:47:30 [main] INFO  Utils.Log - Clear the email field
2025-04-16 20:47:30 [main] INFO  Utils.Log - Enter the email
2025-04-16 20:47:30 [main] INFO  Utils.Log - Clear the password field
2025-04-16 20:47:30 [main] INFO  Utils.Log - Enter the password
2025-04-16 20:47:30 [main] INFO  Utils.Log - Click on the login button
2025-04-16 20:47:31 [main] INFO  Utils.Log - Validating the title of the page
2025-04-16 20:47:31 [main] INFO  Utils.Log - Test completed
2025-04-16 20:47:31 [main] INFO  Utils.Log - Closing the browser
2025-04-16 20:48:18 [main] INFO  Utils.Log - Test started
2025-04-16 20:48:30 [main] INFO  Utils.Log - Starting Valid Login Test
2025-04-16 20:48:30 [main] INFO  Utils.Log - Clear the email field
2025-04-16 20:48:30 [main] INFO  Utils.Log - Enter the email
2025-04-16 20:48:30 [main] INFO  Utils.Log - Clear the password field
2025-04-16 20:48:31 [main] INFO  Utils.Log - Enter the password
2025-04-16 20:48:31 [main] INFO  Utils.Log - Click on the login button
2025-04-16 20:48:37 [main] INFO  Utils.Log - Validating the title of the page
2025-04-16 20:48:37 [main] INFO  Utils.Log - Test completed
2025-04-16 20:48:37 [main] INFO  Utils.Log - Closing the browser
2025-04-18 23:36:08 [main] INFO  jdk.internal.reflect.DirectMethodHandleAccessor - Test started
2025-04-18 23:36:39 [main] INFO  jdk.internal.reflect.DirectMethodHandleAccessor - Starting Valid Login Test
2025-04-18 23:36:39 [main] INFO  jdk.internal.reflect.DirectMethodHandleAccessor - Clear the email field
2025-04-18 23:36:39 [main] INFO  jdk.internal.reflect.DirectMethodHandleAccessor - Enter the email
2025-04-18 23:36:39 [main] INFO  jdk.internal.reflect.DirectMethodHandleAccessor - Clear the password field
2025-04-18 23:36:39 [main] INFO  jdk.internal.reflect.DirectMethodHandleAccessor - Enter the password
2025-04-18 23:36:39 [main] INFO  jdk.internal.reflect.DirectMethodHandleAccessor - Click on the login button
2025-04-18 23:36:39 [main] INFO  jdk.internal.reflect.DirectMethodHandleAccessor - Validating the title of the page
2025-04-18 23:36:39 [main] INFO  jdk.internal.reflect.DirectMethodHandleAccessor - Test completed
2025-04-18 23:36:39 [main] INFO  jdk.internal.reflect.DirectMethodHandleAccessor - Closing the browser
2025-04-18 23:38:24 [main] INFO  jdk.internal.reflect.DirectMethodHandleAccessor - Test started
2025-04-18 23:38:34 [main] INFO  jdk.internal.reflect.DirectMethodHandleAccessor - Starting Valid Login Test
2025-04-18 23:38:34 [main] INFO  jdk.internal.reflect.DirectMethodHandleAccessor - Clear the email field
2025-04-18 23:38:34 [main] INFO  jdk.internal.reflect.DirectMethodHandleAccessor - Enter the email
2025-04-18 23:38:35 [main] INFO  jdk.internal.reflect.DirectMethodHandleAccessor - Clear the password field
2025-04-18 23:38:35 [main] INFO  jdk.internal.reflect.DirectMethodHandleAccessor - Enter the password
2025-04-18 23:38:35 [main] INFO  jdk.internal.reflect.DirectMethodHandleAccessor - Click on the login button
2025-04-18 23:38:37 [main] INFO  jdk.internal.reflect.DirectMethodHandleAccessor - Validating the title of the page
2025-04-18 23:38:37 [main] INFO  jdk.internal.reflect.DirectMethodHandleAccessor - Test completed
2025-04-18 23:38:37 [main] INFO  jdk.internal.reflect.DirectMethodHandleAccessor - Closing the browser
2025-04-18 23:49:20 [main] INFO  jdk.internal.reflect.DirectMethodHandleAccessor - Test started
2025-04-18 23:49:31 [main] INFO  jdk.internal.reflect.DirectMethodHandleAccessor - Starting Valid Login Test
2025-04-18 23:49:31 [main] INFO  jdk.internal.reflect.DirectMethodHandleAccessor - Test completed
2025-04-18 23:49:31 [main] INFO  jdk.internal.reflect.DirectMethodHandleAccessor - Closing the browser
2025-04-18 23:50:24 [main] INFO  jdk.internal.reflect.DirectMethodHandleAccessor - Test started
2025-04-18 23:50:32 [main] INFO  jdk.internal.reflect.DirectMethodHandleAccessor - Starting Valid Login Test
2025-04-18 23:50:33 [main] INFO  jdk.internal.reflect.DirectMethodHandleAccessor - Test completed
2025-04-18 23:50:33 [main] INFO  jdk.internal.reflect.DirectMethodHandleAccessor - Closing the browser
2025-04-18 23:52:25 [main] INFO  jdk.internal.reflect.DirectMethodHandleAccessor - Test started
2025-04-18 23:52:34 [main] INFO  jdk.internal.reflect.DirectMethodHandleAccessor - Starting Valid Login Test
2025-04-18 23:52:34 [main] INFO  jdk.internal.reflect.DirectMethodHandleAccessor - Test completed
2025-04-18 23:52:34 [main] INFO  jdk.internal.reflect.DirectMethodHandleAccessor - Closing the browser
2025-04-18 23:53:03 [main] INFO  jdk.internal.reflect.DirectMethodHandleAccessor - Test started
2025-04-18 23:53:11 [main] INFO  jdk.internal.reflect.DirectMethodHandleAccessor - Starting Valid Login Test
2025-04-18 23:53:11 [main] INFO  jdk.internal.reflect.DirectMethodHandleAccessor - Test completed
2025-04-18 23:53:11 [main] INFO  jdk.internal.reflect.DirectMethodHandleAccessor - Closing the browser
2025-04-18 23:56:38 [main] INFO  jdk.internal.reflect.DirectMethodHandleAccessor - Test started
2025-04-18 23:56:52 [main] INFO  jdk.internal.reflect.DirectMethodHandleAccessor - Starting Valid Login Test
2025-04-18 23:56:52 [main] INFO  jdk.internal.reflect.DirectMethodHandleAccessor - Clear the email field
2025-04-18 23:56:52 [main] INFO  jdk.internal.reflect.DirectMethodHandleAccessor - Enter the email
2025-04-18 23:56:53 [main] INFO  jdk.internal.reflect.DirectMethodHandleAccessor - Clear the password field
2025-04-18 23:56:53 [main] INFO  jdk.internal.reflect.DirectMethodHandleAccessor - Enter the password
2025-04-18 23:56:53 [main] INFO  jdk.internal.reflect.DirectMethodHandleAccessor - Click on the login button
2025-04-18 23:56:55 [main] INFO  jdk.internal.reflect.DirectMethodHandleAccessor - Validating the title of the page
2025-04-18 23:56:55 [main] INFO  jdk.internal.reflect.DirectMethodHandleAccessor - Test completed
2025-04-18 23:56:55 [main] INFO  jdk.internal.reflect.DirectMethodHandleAccessor - Closing the browser
